This is pdfTeX, Version 3.14159265-2.6-1.40.21 (MiKTeX 2.9.7300 64-bit) (preloaded format=pdflatex 2020.2.26)  26 FEB 2020 00:40
entering extended mode
**"f:/Files/School/GeometryFriendsLevelGenerator/Thesis Texts/Thesis Project/Project.tex"
("f:/Files/School/GeometryFriendsLevelGenerator/Thesis Texts/Thesis Project/Project.tex"
LaTeX2e <2020-02-02> patch level 2
L3 programming layer <2020-02-14> ("f:/Files\School\GeometryFriendsLevelGenerator\Thesis Texts\Thesis Project\llncs.cls"
Document Class: llncs 2018/03/10 v2.20 
 LaTeX document class for Lecture Notes in Computer Science
("C:\Users\nunom\AppData\Local\Programs\MiKTeX 2.9\tex/latex/base\article.cls"
Document Class: article 2019/12/20 v1.4l Standard LaTeX document class
("C:\Users\nunom\AppData\Local\Programs\MiKTeX 2.9\tex/latex/base\size10.clo"
File: size10.clo 2019/12/20 v1.4l Standard LaTeX file (size option)
)
\c@part=\count167
\c@section=\count168
\c@subsection=\count169
\c@subsubsection=\count170
\c@paragraph=\count171
\c@subparagraph=\count172
\c@figure=\count173
\c@table=\count174
\abovecaptionskip=\skip47
\belowcaptionskip=\skip48
\bibindent=\dimen134
) ("C:\Users\nunom\AppData\Local\Programs\MiKTeX 2.9\tex/latex/tools\multicol.sty"
Package: multicol 2019/12/09 v1.8y multicolumn formatting (FMi)
\c@tracingmulticols=\count175
\mult@box=\box45
\multicol@leftmargin=\dimen135
\c@unbalance=\count176
\c@collectmore=\count177
\doublecol@number=\count178
\multicoltolerance=\count179
\multicolpretolerance=\count180
\full@width=\dimen136
\page@free=\dimen137
\premulticols=\dimen138
\postmulticols=\dimen139
\multicolsep=\skip49
\multicolbaselineskip=\skip50
\partial@page=\box46
\last@line=\box47
\maxbalancingoverflow=\dimen140
\mult@rightbox=\box48
\mult@grightbox=\box49
\mult@gfirstbox=\box50
\mult@firstbox=\box51
\@tempa=\box52
\@tempa=\box53
\@tempa=\box54
\@tempa=\box55
\@tempa=\box56
\@tempa=\box57
\@tempa=\box58
\@tempa=\box59
\@tempa=\box60
\@tempa=\box61
\@tempa=\box62
\@tempa=\box63
\@tempa=\box64
\@tempa=\box65
\@tempa=\box66
\@tempa=\box67
\@tempa=\box68
\@tempa=\box69
\@tempa=\box70
\@tempa=\box71
\@tempa=\box72
\@tempa=\box73
\@tempa=\box74
\@tempa=\box75
\@tempa=\box76
\@tempa=\box77
\@tempa=\box78
\@tempa=\box79
\@tempa=\box80
\@tempa=\box81
\@tempa=\box82
\@tempa=\box83
\@tempa=\box84
\@tempa=\box85
\@tempa=\box86
\@tempa=\box87
\@tempa=\box88
\c@minrows=\count181
\c@columnbadness=\count182
\c@finalcolumnbadness=\count183
\last@try=\dimen141
\multicolovershoot=\dimen142
\multicolundershoot=\dimen143
\mult@nat@firstbox=\box89
\colbreak@box=\box90
\mc@col@check@num=\count184
) ("C:\Users\nunom\AppData\Local\Programs\MiKTeX 2.9\tex/latex/oberdiek\aliascnt.sty"
Package: aliascnt 2018/09/07 v1.5 Alias counters (HO)
)
\c@chapter=\count185
LaTeX Font Info:    Redeclaring math symbol \Gamma on input line 362.
LaTeX Font Info:    Redeclaring math symbol \Delta on input line 363.
LaTeX Font Info:    Redeclaring math symbol \Theta on input line 364.
LaTeX Font Info:    Redeclaring math symbol \Lambda on input line 365.
LaTeX Font Info:    Redeclaring math symbol \Xi on input line 366.
LaTeX Font Info:    Redeclaring math symbol \Pi on input line 367.
LaTeX Font Info:    Redeclaring math symbol \Sigma on input line 368.
LaTeX Font Info:    Redeclaring math symbol \Upsilon on input line 369.
LaTeX Font Info:    Redeclaring math symbol \Phi on input line 370.
LaTeX Font Info:    Redeclaring math symbol \Psi on input line 371.
LaTeX Font Info:    Redeclaring math symbol \Omega on input line 372.
\tocchpnum=\dimen144
\tocsecnum=\dimen145
\tocsectotal=\dimen146
\tocsubsecnum=\dimen147
\tocsubsectotal=\dimen148
\tocsubsubsecnum=\dimen149
\tocsubsubsectotal=\dimen150
\tocparanum=\dimen151
\tocparatotal=\dimen152
\tocsubparanum=\dimen153
\@tempcntc=\count186
\fnindent=\dimen154
\c@@inst=\count187
\c@@auth=\count188
\c@auco=\count189
\instindent=\dimen155
\authrun=\box91
\authorrunning=\toks14
\tocauthor=\toks15
\titrun=\box92
\titlerunning=\toks16
\toctitle=\toks17
\c@theorem=\count190
\c@case=\count191
\c@conjecture=\count192
\c@corollary=\count193
\c@definition=\count194
\c@example=\count195
\c@exercise=\count196
\c@lemma=\count197
\c@note=\count198
\c@problem=\count199
\c@property=\count266
\c@proposition=\count267
\c@question=\count268
\c@solution=\count269
\c@remark=\count270
\headlineindent=\dimen156
) ("C:\Users\nunom\AppData\Local\Programs\MiKTeX 2.9\tex/latex/graphics\graphicx.sty"
Package: graphicx 2019/11/30 v1.2a Enhanced LaTeX Graphics (DPC,SPQR)
 ("C:\Users\nunom\AppData\Local\Programs\MiKTeX 2.9\tex/latex/graphics\keyval.sty"
Package: keyval 2014/10/28 v1.15 key=value parser (DPC)
\KV@toks@=\toks18
) ("C:\Users\nunom\AppData\Local\Programs\MiKTeX 2.9\tex/latex/graphics\graphics.sty"
Package: graphics 2019/11/30 v1.4a Standard LaTeX Graphics (DPC,SPQR)
 ("C:\Users\nunom\AppData\Local\Programs\MiKTeX 2.9\tex/latex/graphics\trig.sty"
Package: trig 2016/01/03 v1.10 sin cos tan (DPC)
) ("C:\Users\nunom\AppData\Local\Programs\MiKTeX 2.9\tex/latex/graphics-cfg\graphics.cfg"
File: graphics.cfg 2016/06/04 v1.11 sample graphics configuration
)
Package graphics Info: Driver file: pdftex.def on input line 105.
 ("C:\Users\nunom\AppData\Local\Programs\MiKTeX 2.9\tex/latex/graphics-def\pdftex.def"
File: pdftex.def 2018/01/08 v1.0l Graphics/color driver for pdftex
))
\Gin@req@height=\dimen157
\Gin@req@width=\dimen158
) ("C:\Users\nunom\AppData\Local\Programs\MiKTeX 2.9\tex/latex/enumitem\enumitem.sty"
Package: enumitem 2019/06/20 v3.9 Customized lists
\labelindent=\skip51
\enit@outerparindent=\dimen159
\enit@toks=\toks19
\enit@inbox=\box93
\enit@count@id=\count271
\enitdp@description=\count272
) ("C:\Users\nunom\AppData\Local\Programs\MiKTeX 2.9\tex/latex/base\textcomp.sty"
Package: textcomp 2020/02/02 v2.0n Standard LaTeX package
) ("C:\Users\nunom\AppData\Local\Programs\MiKTeX 2.9\tex/latex/hyperref\hyperref.sty"
Package: hyperref 2020/01/14 v7.00d Hypertext links for LaTeX
 ("C:\Users\nunom\AppData\Local\Programs\MiKTeX 2.9\tex/generic/ltxcmds\ltxcmds.sty"
Package: ltxcmds 2019/12/15 v1.24 LaTeX kernel commands for general use (HO)
) ("C:\Users\nunom\AppData\Local\Programs\MiKTeX 2.9\tex/generic/iftex\iftex.sty"
Package: iftex 2019/11/07 v1.0c TeX engine tests
) ("C:\Users\nunom\AppData\Local\Programs\MiKTeX 2.9\tex/latex/pdftexcmds\pdftexcmds.sty"
Package: pdftexcmds 2019/11/24 v0.31 Utility functions of pdfTeX for LuaTeX (HO)
 ("C:\Users\nunom\AppData\Local\Programs\MiKTeX 2.9\tex/generic/infwarerr\infwarerr.sty"
Package: infwarerr 2019/12/03 v1.5 Providing info/warning/error messages (HO)
)
Package pdftexcmds Info: \pdf@primitive is available.
Package pdftexcmds Info: \pdf@ifprimitive is available.
Package pdftexcmds Info: \pdfdraftmode found.
) ("C:\Users\nunom\AppData\Local\Programs\MiKTeX 2.9\tex/generic/kvsetkeys\kvsetkeys.sty"
Package: kvsetkeys 2019/12/15 v1.18 Key value parser (HO)
) ("C:\Users\nunom\AppData\Local\Programs\MiKTeX 2.9\tex/generic/kvdefinekeys\kvdefinekeys.sty"
Package: kvdefinekeys 2019-12-19 v1.6 Define keys (HO)
) ("C:\Users\nunom\AppData\Local\Programs\MiKTeX 2.9\tex/generic/pdfescape\pdfescape.sty"
Package: pdfescape 2019/12/09 v1.15 Implements pdfTeX's escape features (HO)
) ("C:\Users\nunom\AppData\Local\Programs\MiKTeX 2.9\tex/latex/hycolor\hycolor.sty"
Package: hycolor 2020-01-27 v1.10 Color options for hyperref/bookmark (HO)
) ("C:\Users\nunom\AppData\Local\Programs\MiKTeX 2.9\tex/latex/letltxmacro\letltxmacro.sty"
Package: letltxmacro 2019/12/03 v1.6 Let assignment for LaTeX macros (HO)
) ("C:\Users\nunom\AppData\Local\Programs\MiKTeX 2.9\tex/latex/auxhook\auxhook.sty"
Package: auxhook 2019-12-17 v1.6 Hooks for auxiliary files (HO)
) ("C:\Users\nunom\AppData\Local\Programs\MiKTeX 2.9\tex/latex/kvoptions\kvoptions.sty"
Package: kvoptions 2019/11/29 v3.13 Key value format for package options (HO)
)
\@linkdim=\dimen160
\Hy@linkcounter=\count273
\Hy@pagecounter=\count274
 ("C:\Users\nunom\AppData\Local\Programs\MiKTeX 2.9\tex/latex/hyperref\pd1enc.def"
File: pd1enc.def 2020/01/14 v7.00d Hyperref: PDFDocEncoding definition (HO)
Now handling font encoding PD1 ...
... no UTF-8 mapping file for font encoding PD1
) ("C:\Users\nunom\AppData\Local\Programs\MiKTeX 2.9\tex/generic/intcalc\intcalc.sty"
Package: intcalc 2019/12/15 v1.3 Expandable calculations with integers (HO)
) ("C:\Users\nunom\AppData\Local\Programs\MiKTeX 2.9\tex/generic/etexcmds\etexcmds.sty"
Package: etexcmds 2019/12/15 v1.7 Avoid name clashes with e-TeX commands (HO)
)
\Hy@SavedSpaceFactor=\count275
Package hyperref Info: Hyper figures OFF on input line 4547.
Package hyperref Info: Link nesting OFF on input line 4552.
Package hyperref Info: Hyper index ON on input line 4555.
Package hyperref Info: Plain pages OFF on input line 4562.
Package hyperref Info: Backreferencing OFF on input line 4567.
Package hyperref Info: Implicit mode ON; LaTeX internals redefined.
Package hyperref Info: Bookmarks ON on input line 4800.
\c@Hy@tempcnt=\count276
 ("C:\Users\nunom\AppData\Local\Programs\MiKTeX 2.9\tex/latex/url\url.sty"
\Urlmuskip=\muskip16
Package: url 2013/09/16  ver 3.4  Verb mode for urls, etc.
)
LaTeX Info: Redefining \url on input line 5159.
\XeTeXLinkMargin=\dimen161
 ("C:\Users\nunom\AppData\Local\Programs\MiKTeX 2.9\tex/generic/bitset\bitset.sty"
Package: bitset 2019/12/09 v1.3 Handle bit-vector datatype (HO)
 ("C:\Users\nunom\AppData\Local\Programs\MiKTeX 2.9\tex/generic/bigintcalc\bigintcalc.sty"
Package: bigintcalc 2019/12/15 v1.5 Expandable calculations on big integers (HO)
))
\Fld@menulength=\count277
\Field@Width=\dimen162
\Fld@charsize=\dimen163
Package hyperref Info: Hyper figures OFF on input line 6430.
Package hyperref Info: Link nesting OFF on input line 6435.
Package hyperref Info: Hyper index ON on input line 6438.
Package hyperref Info: backreferencing OFF on input line 6445.
Package hyperref Info: Link coloring OFF on input line 6450.
Package hyperref Info: Link coloring with OCG OFF on input line 6455.
Package hyperref Info: PDF/A mode OFF on input line 6460.
LaTeX Info: Redefining \ref on input line 6500.
LaTeX Info: Redefining \pageref on input line 6504.
 ("C:\Users\nunom\AppData\Local\Programs\MiKTeX 2.9\tex/generic/atbegshi\atbegshi.sty"
Package: atbegshi 2019/12/05 v1.19 At begin shipout hook (HO)
)
\Hy@abspage=\count278
\c@Item=\count279
\c@Hfootnote=\count280
)
Package hyperref Info: Driver (autodetected): hpdftex.
 ("C:\Users\nunom\AppData\Local\Programs\MiKTeX 2.9\tex/latex/hyperref\hpdftex.def"
File: hpdftex.def 2020/01/14 v7.00d Hyperref driver for pdfTeX
 ("C:\Users\nunom\AppData\Local\Programs\MiKTeX 2.9\tex/latex/atveryend\atveryend.sty"
Package: atveryend 2019-12-11 v1.11 Hooks at the very end of document (HO)
Package atveryend Info: \enddocument detected (standard20110627).
)
\Fld@listcount=\count281
\c@bookmark@seq@number=\count282
 ("C:\Users\nunom\AppData\Local\Programs\MiKTeX 2.9\tex/latex/rerunfilecheck\rerunfilecheck.sty"
Package: rerunfilecheck 2019/12/05 v1.9 Rerun checks for auxiliary files (HO)
 ("C:\Users\nunom\AppData\Local\Programs\MiKTeX 2.9\tex/generic/uniquecounter\uniquecounter.sty"
Package: uniquecounter 2019/12/15 v1.4 Provide unlimited unique counter (HO)
)
Package uniquecounter Info: New unique counter `rerunfilecheck' on input line 286.
)
\Hy@SectionHShift=\skip52
) ("C:\Users\nunom\AppData\Local\Programs\MiKTeX 2.9\tex/latex/graphics\color.sty"
Package: color 2019/11/23 v1.2a Standard LaTeX Color (DPC)
 ("C:\Users\nunom\AppData\Local\Programs\MiKTeX 2.9\tex/latex/graphics-cfg\color.cfg"
File: color.cfg 2016/01/02 v1.6 sample color configuration
)
Package color Info: Driver file: pdftex.def on input line 147.
) ("C:\Users\nunom\AppData\Local\Programs\MiKTeX 2.9\tex/latex/soul\soul.sty"
Package: soul 2003/11/17 v2.4 letterspacing/underlining (mf)
\SOUL@word=\toks20
\SOUL@lasttoken=\toks21
\SOUL@cmds=\toks22
\SOUL@buffer=\toks23
\SOUL@token=\toks24
\SOUL@spaceskip=\skip53
\SOUL@ttwidth=\dimen164
\SOUL@uldp=\dimen165
\SOUL@ulht=\dimen166
) ("C:\Users\nunom\AppData\Local\Programs\MiKTeX 2.9\tex/latex/float\float.sty"
Package: float 2001/11/08 v1.3d Float enhancements (AL)
\c@float@type=\count283
\float@exts=\toks25
\float@box=\box94
\@float@everytoks=\toks26
\@floatcapt=\box95
) ("C:\Users\nunom\AppData\Local\Programs\MiKTeX 2.9\tex/latex/listings\listings.sty"
\lst@mode=\count284
\lst@gtempboxa=\box96
\lst@token=\toks27
\lst@length=\count285
\lst@currlwidth=\dimen167
\lst@column=\count286
\lst@pos=\count287
\lst@lostspace=\dimen168
\lst@width=\dimen169
\lst@newlines=\count288
\lst@lineno=\count289
\lst@maxwidth=\dimen170
 ("C:\Users\nunom\AppData\Local\Programs\MiKTeX 2.9\tex/latex/listings\lstmisc.sty"
File: lstmisc.sty 2019/09/10 1.8c (Carsten Heinz)
\c@lstnumber=\count290
\lst@skipnumbers=\count291
\lst@framebox=\box97
) ("C:\Users\nunom\AppData\Local\Programs\MiKTeX 2.9\tex/latex/listings\listings.cfg"
File: listings.cfg 2019/09/10 1.8c listings configuration
))
Package: listings 2019/09/10 1.8c (Carsten Heinz)
Package color Info: Redefining color cyan on input line 14.
Package color Info: Redefining color yellow on input line 15.
Package color Info: Redefining color red on input line 16.
\c@legali=\count292
\c@legalii=\count293
\c@legaliii=\count294
\c@legaliv=\count295
\c@legalv=\count296
\c@legalvi=\count297
\c@legalvii=\count298
\c@legalviii=\count299
\c@legalix=\count300
\c@legalx=\count301
\enitdp@legal=\count302
 ("C:\Users\nunom\AppData\Local\Programs\MiKTeX 2.9\tex/latex/l3backend\l3backend-pdfmode.def"
File: l3backend-pdfmode.def 2020-02-03 L3 backend support: PDF mode
\l__kernel_color_stack_int=\count303
\l__pdf_internal_box=\box98
) ("f:/Files\School\GeometryFriendsLevelGenerator\Thesis Texts\Thesis Project\Project.aux")
\openout1 = `Project.aux'.

LaTeX Font Info:    Checking defaults for OML/cmm/m/it on input line 54.
LaTeX Font Info:    ... okay on input line 54.
LaTeX Font Info:    Checking defaults for OMS/cmsy/m/n on input line 54.
LaTeX Font Info:    ... okay on input line 54.
LaTeX Font Info:    Checking defaults for OT1/cmr/m/n on input line 54.
LaTeX Font Info:    ... okay on input line 54.
LaTeX Font Info:    Checking defaults for T1/cmr/m/n on input line 54.
LaTeX Font Info:    ... okay on input line 54.
LaTeX Font Info:    Checking defaults for TS1/cmr/m/n on input line 54.
LaTeX Font Info:    ... okay on input line 54.
LaTeX Font Info:    Checking defaults for OMX/cmex/m/n on input line 54.
LaTeX Font Info:    ... okay on input line 54.
LaTeX Font Info:    Checking defaults for U/cmr/m/n on input line 54.
LaTeX Font Info:    ... okay on input line 54.
LaTeX Font Info:    Checking defaults for PD1/pdf/m/n on input line 54.
LaTeX Font Info:    ... okay on input line 54.
 ("C:\Users\nunom\AppData\Local\Programs\MiKTeX 2.9\tex/context/base/mkii\supp-pdf.mkii"
[Loading MPS to PDF converter (version 2006.09.02).]
\scratchcounter=\count304
\scratchdimen=\dimen171
\scratchbox=\box99
\nofMPsegments=\count305
\nofMParguments=\count306
\everyMPshowfont=\toks28
\MPscratchCnt=\count307
\MPscratchDim=\dimen172
\MPnumerator=\count308
\makeMPintoPDFobject=\count309
\everyMPtoPDFconversion=\toks29
) ("C:\Users\nunom\AppData\Local\Programs\MiKTeX 2.9\tex/latex/epstopdf-pkg\epstopdf-base.sty"
Package: epstopdf-base 2020-01-24 v2.11 Base part for package epstopdf
Package epstopdf-base Info: Redefining graphics rule for `.eps' on input line 485.
)
\AtBeginShipoutBox=\box100
Package hyperref Info: Link coloring OFF on input line 54.
 ("C:\Users\nunom\AppData\Local\Programs\MiKTeX 2.9\tex/latex/hyperref\nameref.sty"
Package: nameref 2019/09/16 v2.46 Cross-referencing by name of section
 ("C:\Users\nunom\AppData\Local\Programs\MiKTeX 2.9\tex/latex/refcount\refcount.sty"
Package: refcount 2019/12/15 v3.6 Data extraction from label references (HO)
) ("C:\Users\nunom\AppData\Local\Programs\MiKTeX 2.9\tex/generic/gettitlestring\gettitlestring.sty"
Package: gettitlestring 2019/12/15 v1.6 Cleanup title references (HO)
)
\c@section@level=\count310
)
LaTeX Info: Redefining \ref on input line 54.
LaTeX Info: Redefining \pageref on input line 54.
LaTeX Info: Redefining \nameref on input line 54.
 ("f:/Files\School\GeometryFriendsLevelGenerator\Thesis Texts\Thesis Project\Project.out") ("f:/Files\School\GeometryFriendsLevelGenerator\Thesis Texts\Thesis Project\Project.out")
\@outlinefile=\write3
\openout3 = `Project.out'.

\c@lstlisting=\count311
LaTeX Font Info:    External font `cmex10' loaded for size
(Font)              <7> on input line 65.
LaTeX Font Info:    External font `cmex10' loaded for size
(Font)              <5> on input line 65.
LaTeX Font Info:    External font `cmex10' loaded for size
(Font)              <9> on input line 65.
LaTeX Font Info:    External font `cmex10' loaded for size
(Font)              <6> on input line 65.
 [1

{C:/Users/nunom/AppData/Local/MiKTeX/2.9/pdftex/config/pdftex.map}] ("f:/Files\School\GeometryFriendsLevelGenerator\Thesis Texts\Thesis Project\Project.toc")
\tf@toc=\write4
\openout4 = `Project.toc'.

 [2

] [3] [4] [5] [6] [7] [8]
<images/shapegrammar.png, id=211, 1204.5pt x 550.055pt>
File: images/shapegrammar.png Graphic file (type png)
<use images/shapegrammar.png>
Package pdftex.def Info: images/shapegrammar.png  used on input line 235.
(pdftex.def)             Requested size: 301.12427pt x 137.51341pt.
<images/binarymorphology.png, id=218, 1227.83719pt x 504.38437pt>
File: images/binarymorphology.png Graphic file (type png)
<use images/binarymorphology.png>
Package pdftex.def Info: images/binarymorphology.png  used on input line 250.
(pdftex.def)             Requested size: 306.95854pt x 126.09578pt.
 [9pdfTeX warning (ext4): destination with the same identifier (name{figure.1.1}) has been already used, duplicate ignored

\AtBegShi@Output ...ipout \box \AtBeginShipoutBox 
                                                  \fi \fi 
l.256 
       <f:/Files/School/GeometryFriendsLevelGenerator/Thesis Texts/Thesis Project/images/shapegrammar.png>] [10pdfTeX warning (ext4): destination with the same identifier (name{figure.1.2}) has been already used, duplicate ignored

\AtBegShi@Output ...ipout \box \AtBeginShipoutBox 
                                                  \fi \fi 
l.273 A
       gent-based Simulation(ABS)~\cite{ref_davidsson} try to model a comple... <f:/Files/School/GeometryFriendsLevelGenerator/Thesis Texts/Thesis Project/images/binarymorphology.png>]
<images/geneticalgorithm.png, id=249, 731.73375pt x 286.82156pt>
File: images/geneticalgorithm.png Graphic file (type png)
<use images/geneticalgorithm.png>
Package pdftex.def Info: images/geneticalgorithm.png  used on input line 281.
(pdftex.def)             Requested size: 219.52182pt x 86.04712pt.
 [11pdfTeX warning (ext4): destination with the same identifier (name{figure.1.3}) has been already used, duplicate ignored

\AtBegShi@Output ...ipout \box \AtBeginShipoutBox 
                                                  \fi \fi 
l.296 S
       ome approaches have been attempted to generate System Design for exam... <f:/Files/School/GeometryFriendsLevelGenerator/Thesis Texts/Thesis Project/images/geneticalgorithm.png>] [12] [13] [14] [15] [16] [17]
<images/levelexample.png, id=359, 963.6pt x 607.51968pt>
File: images/levelexample.png Graphic file (type png)
<use images/levelexample.png>
Package pdftex.def Info: images/levelexample.png  used on input line 436.
(pdftex.def)             Requested size: 240.89941pt x 151.87955pt.
 [18pdfTeX warning (ext4): destination with the same identifier (name{figure.1.4}) has been already used, duplicate ignored

\AtBegShi@Output ...ipout \box \AtBeginShipoutBox 
                                                  \fi \fi 
l.442 
       <f:/Files/School/GeometryFriendsLevelGenerator/Thesis Texts/Thesis Project/images/levelexample.png>]
<images/levelexamplesolution.png, id=369, 1284.8pt x 810.02625pt>
File: images/levelexamplesolution.png Graphic file (type png)
<use images/levelexamplesolution.png>
Package pdftex.def Info: images/levelexamplesolution.png  used on input line 453.
(pdftex.def)             Requested size: 256.95544pt x 162.00237pt.
 [19pdfTeX warning (ext4): destination with the same identifier (name{figure.1.5}) has been already used, duplicate ignored

\AtBegShi@Output ...ipout \box \AtBeginShipoutBox 
                                                  \fi \fi 
l.459 
       <f:/Files/School/GeometryFriendsLevelGenerator/Thesis Texts/Thesis Project/images/levelexamplesolution.png>]
<images/lelvelexampleareas.png, id=378, 1284.8pt x 810.02625pt>
File: images/lelvelexampleareas.png Graphic file (type png)
<use images/lelvelexampleareas.png>
Package pdftex.def Info: images/lelvelexampleareas.png  used on input line 462.
(pdftex.def)             Requested size: 256.95544pt x 162.00237pt.
LaTeX Font Info:    Trying to load font information for OML+cmr on input line 467.
 ("C:\Users\nunom\AppData\Local\Programs\MiKTeX 2.9\tex/latex/base\omlcmr.fd"
File: omlcmr.fd 2019/12/16 v2.5j Standard LaTeX font definitions
)
LaTeX Font Info:    Font shape `OML/cmr/m/n' in size <10> not available
(Font)              Font shape `OML/cmm/m/it' tried instead on input line 467.
 [20pdfTeX warning (ext4): destination with the same identifier (name{figure.1.6}) has been already used, duplicate ignored

\AtBegShi@Output ...ipout \box \AtBeginShipoutBox 
                                                  \fi \fi 
l.475 T
       he circle and rectangle starting positions element requires two thing... <f:/Files/School/GeometryFriendsLevelGenerator/Thesis Texts/Thesis Project/images/lelvelexampleareas.png>] [21]
<images/rafaeleditor.png, id=416, 1068.24094pt x 575.14874pt>
File: images/rafaeleditor.png Graphic file (type png)
<use images/rafaeleditor.png>
Package pdftex.def Info: images/rafaeleditor.png  used on input line 515.
(pdftex.def)             Requested size: 320.47475pt x 172.54594pt.
 [22] [23pdfTeX warning (ext4): destination with the same identifier (name{figure.1.7}) has been already used, duplicate ignored

\AtBegShi@Output ...ipout \box \AtBeginShipoutBox 
                                                  \fi \fi 
l.535 
       <f:/Files/School/GeometryFriendsLevelGenerator/Thesis Texts/Thesis Project/images/rafaeleditor.png>] [24]
Underfull \vbox (badness 10000) has occurred while \output is active []

 [25]
<images/gantt.png, id=445, 2890.8pt x 1626.075pt>
File: images/gantt.png Graphic file (type png)
<use images/gantt.png>
Package pdftex.def Info: images/gantt.png  used on input line 568.
(pdftex.def)             Requested size: 315.07773pt x 177.23122pt.
 [26pdfTeX warning (ext4): destination with the same identifier (name{figure.1.8}) has been already used, duplicate ignored

\AtBegShi@Output ...ipout \box \AtBeginShipoutBox 
                                                  \fi \fi 
l.573 \section
              {Conclusion} <f:/Files/School/GeometryFriendsLevelGenerator/Thesis Texts/Thesis Project/images/gantt.png>]
Underfull \hbox (badness 1178) in paragraph at lines 598--599
\OT1/cmr/m/n/9 from board games. Sim-u-la-tion and Gam-ing - Sim-u-lat Gam-ing. 37. 24-40.
 []


Underfull \hbox (badness 10000) in paragraph at lines 620--621
[]\OT1/cmr/m/n/9 Patel, A. 2010. Polyg-o-nal map gen-er-a-tion. Blog www-cs-
 []

[27]
Underfull \hbox (badness 1158) in paragraph at lines 662--663
[]\OT1/cmr/m/n/9 Pi, Xuex-ian and Song, Jun-qiang and Zeng, Liang and Li, Sikun. (2006).
 []


Underfull \hbox (badness 1264) in paragraph at lines 662--663
\OT1/cmr/m/n/9 Pro-ce-du-ral Ter-rain De-tail Based on Patch-LOD Al-go-rithm. 3942. 913-920.
 []

Package atveryend Info: Empty hook `BeforeClearDocument' on input line 711.
[28]
Package atveryend Info: Empty hook `AfterLastShipout' on input line 711.
 ("f:/Files\School\GeometryFriendsLevelGenerator\Thesis Texts\Thesis Project\Project.aux")
Package atveryend Info: Executing hook `AtVeryEndDocument' on input line 711.
Package atveryend Info: Executing hook `AtEndAfterFileList' on input line 711.
Package rerunfilecheck Info: File `Project.out' has not changed.
(rerunfilecheck)             Checksum: C6B474FE07A7599F5EB8ABF593AC9A45;1518.
Package atveryend Info: Empty hook `AtVeryVeryEnd' on input line 711.
 ) 
Here is how much of TeX's memory you used:
 8152 strings out of 481556
 123942 string characters out of 2913869
 397757 words of memory out of 3000000
 23145 multiletter control sequences out of 15000+200000
 537617 words of font info for 42 fonts, out of 3000000 for 9000
 1141 hyphenation exceptions out of 8191
 34i,9n,40p,1814b,1171s stack positions out of 5000i,500n,10000p,200000b,50000s
 <C:\Users\nunom\AppData\Local\MiKTeX\2.9\fonts/pk/ljfour/jknappen/ec/dpi600\tcrm0900.pk><C:/Users/nunom/AppData/Local/Programs/MiKTeX 2.9/fonts/type1/public/amsfonts/cm/cmbx10.pfb><C:/Users/nunom/AppData/Local/Programs/MiKTeX 2.9/fonts/type1/public/amsfonts/cm/cmbx12.pfb><C:/Users/nunom/AppData/Local/Programs/MiKTeX 2.9/fonts/type1/public/amsfonts/cm/cmbx9.pfb><C:/Users/nunom/AppData/Local/Programs/MiKTeX 2.9/fonts/type1/public/amsfonts/cm/cmmi10.pfb><C:/Users/nunom/AppData/Local/Programs/MiKTeX 2.9/fonts/type1/public/amsfonts/cm/cmr10.pfb><C:/Users/nunom/AppData/Local/Programs/MiKTeX 2.9/fonts/type1/public/amsfonts/cm/cmr6.pfb><C:/Users/nunom/AppData/Local/Programs/MiKTeX 2.9/fonts/type1/public/amsfonts/cm/cmr7.pfb><C:/Users/nunom/AppData/Local/Programs/MiKTeX 2.9/fonts/type1/public/amsfonts/cm/cmr9.pfb><C:/Users/nunom/AppData/Local/Programs/MiKTeX 2.9/fonts/type1/public/amsfonts/cm/cmsy10.pfb><C:/Users/nunom/AppData/Local/Programs/MiKTeX 2.9/fonts/type1/public/amsfonts/cm/cmti10.pfb><C:/Users/nunom/AppData/Local/Programs/MiKTeX 2.9/fonts/type1/public/amsfonts/cm/cmtt8.pfb><C:/Users/nunom/AppData/Local/Programs/MiKTeX 2.9/fonts/type1/public/amsfonts/cm/cmtt9.pfb>
Output written on "f:/Files\School\GeometryFriendsLevelGenerator\Thesis Texts\Thesis Project\Project.pdf" (28 pages, 939293 bytes).
PDF statistics:
 533 PDF objects out of 1000 (max. 8388607)
 125 named destinations out of 1000 (max. 500000)
 201 words of extra memory for PDF output out of 10000 (max. 10000000)

